<?xml version="1.0" encoding="UTF-8"?>
<!-- Generated by org.testng.reporters.JUnitXMLReporter -->
<testsuite ignored="0" hostname="LAPTOP-L3E4A55F" failures="1" tests="1" name="chrometest" time="28.204" errors="0" timestamp="2024-12-13T04:11:17 IST">
  <testcase classname="testCases.TC001_AccountRegistrationPage" name="verify_AccountRegristration" time="20.563">
    <failure type="java.lang.AssertionError" message="null">
      <![CDATA[java.lang.AssertionError: null
at testCases.TC001_AccountRegistrationPage.verify_AccountRegristration(TC001_AccountRegistrationPage.java:73)
at java.base/java.util.ArrayList.forEach(ArrayList.java:1597)
at java.base/java.util.concurrent.FutureTask.run(FutureTask.java:317)
at java.base/java.util.concurrent.ThreadPoolExecutor.runWorker(ThreadPoolExecutor.java:1144)
at java.base/java.util.concurrent.ThreadPoolExecutor$Worker.run(ThreadPoolExecutor.java:642)
at java.base/java.lang.Thread.run(Thread.java:1570)
... Removed 18 stack frames]]>
    </failure>
  </testcase> <!-- verify_AccountRegristration -->
</testsuite> <!-- chrometest -->
